app/build/intermediates/manifest_merge_blame_file/debug/manifest-merger-blame-debug-report.txt
1<?xml version="1.0" encoding="utf-8"?>
2<manifest xmlns:android="http://schemas.android.com/apk/res/android"
3    package="com.techcamino.mft_rider"
4    android:versionCode="1"
5    android:versionName="1.0" >
6
7    <uses-sdk
8        android:minSdkVersion="23"
8-->src\main\AndroidManifest.xml
9        android:targetSdkVersion="31" />
9-->src\main\AndroidManifest.xml
10
11    <uses-permission android:name="android.permission.ACCESS_COARSE_LOCATION" />
11-->src\main\AndroidManifest.xml:5:5-81
11-->src\main\AndroidManifest.xml:5:22-78
12    <uses-permission android:name="android.permission.INTERNET" />
12-->src\main\AndroidManifest.xml:6:5-67
12-->src\main\AndroidManifest.xml:6:22-64
13    <uses-permission android:name="android.permission.FOREGROUND_SERVICE" />
13-->src\main\AndroidManifest.xml:7:5-77
13-->src\main\AndroidManifest.xml:7:22-74
14    <uses-permission android:name="android.permission.ACCESS_FINE_LOCATION" />
14-->src\main\AndroidManifest.xml:8:5-79
14-->src\main\AndroidManifest.xml:8:22-76
15    <uses-permission android:name="android.permission.CAMERA" />
15-->src\main\AndroidManifest.xml:9:5-65
15-->src\main\AndroidManifest.xml:9:22-62
16    <!-- <uses-permission android:name="android.permission.WRITE_EXTERNAL_STORAGE" android:maxSdkVersion="28" -->
17    <!-- tools:ignore="ScopedStorage" /> -->
18    <!-- <uses-permission android:name="android.permission.READ_EXTERNAL_STORAGE" /> -->
19
20    <uses-feature
20-->src\main\AndroidManifest.xml:15:5-17:35
21        android:name="android.hardware.camera"
21-->src\main\AndroidManifest.xml:16:9-47
22        android:required="true" />
22-->src\main\AndroidManifest.xml:17:9-32
23
24    <queries>
24-->src\main\AndroidManifest.xml:19:5-24:15
25        <intent>
25-->src\main\AndroidManifest.xml:20:9-22:18
26            <action android:name="android.media.action.IMAGE_CAPTURE" />
26-->src\main\AndroidManifest.xml:21:13-73
26-->src\main\AndroidManifest.xml:21:21-70
27        </intent>
28
29        <!-- Needs to be explicitly declared on Android R+ -->
30        <package android:name="com.google.android.apps.maps" />
30-->[com.google.android.gms:play-services-maps:18.0.2] AndroidManifest.xml:33:9-64
30-->[com.google.android.gms:play-services-maps:18.0.2] AndroidManifest.xml:33:18-61
31    </queries>
32
33    <!-- Include required permissions for Google Maps API to run. -->
34    <uses-permission android:name="android.permission.ACCESS_NETWORK_STATE" />
34-->[com.google.android.gms:play-services-maps:18.0.2] AndroidManifest.xml:23:5-79
34-->[com.google.android.gms:play-services-maps:18.0.2] AndroidManifest.xml:23:22-76
35
36    <uses-feature
36-->[com.google.android.gms:play-services-maps:18.0.2] AndroidManifest.xml:26:5-28:35
37        android:glEsVersion="0x00020000"
37-->[com.google.android.gms:play-services-maps:18.0.2] AndroidManifest.xml:27:9-41
38        android:required="true" />
38-->[com.google.android.gms:play-services-maps:18.0.2] AndroidManifest.xml:28:9-32
39
40    <application
40-->src\main\AndroidManifest.xml:25:5-87:19
41        android:allowBackup="true"
41-->src\main\AndroidManifest.xml:26:9-35
42        android:appComponentFactory="androidx.core.app.CoreComponentFactory"
42-->[androidx.core:core:1.7.0] AndroidManifest.xml:24:18-86
43        android:debuggable="true"
44        android:extractNativeLibs="false"
45        android:icon="@drawable/logo"
45-->src\main\AndroidManifest.xml:27:9-38
46        android:label="@string/app_name"
46-->src\main\AndroidManifest.xml:28:9-41
47        android:roundIcon="@drawable/logo"
47-->src\main\AndroidManifest.xml:29:9-43
48        android:supportsRtl="true"
48-->src\main\AndroidManifest.xml:30:9-35
49        android:theme="@style/Theme.MFT_RIDER"
49-->src\main\AndroidManifest.xml:31:9-47
50        android:usesCleartextTraffic="true" >
50-->src\main\AndroidManifest.xml:32:9-44
51        <activity
51-->src\main\AndroidManifest.xml:34:9-36:40
52            android:name="com.techcamino.mft_rider.activity.MapActivity"
52-->src\main\AndroidManifest.xml:35:13-49
53            android:exported="false" />
53-->src\main\AndroidManifest.xml:36:13-37
54        <activity
54-->src\main\AndroidManifest.xml:37:9-39:40
55            android:name="com.techcamino.mft_rider.activity.ReceiptActivity"
55-->src\main\AndroidManifest.xml:38:13-53
56            android:exported="false" />
56-->src\main\AndroidManifest.xml:39:13-37
57        <activity
57-->src\main\AndroidManifest.xml:40:9-42:40
58            android:name="com.techcamino.mft_rider.activity.HomeActivity"
58-->src\main\AndroidManifest.xml:41:13-50
59            android:exported="false" />
59-->src\main\AndroidManifest.xml:42:13-37
60        <activity
60-->src\main\AndroidManifest.xml:43:9-46:58
61            android:name="com.techcamino.mft_rider.activity.OtpActivity"
61-->src\main\AndroidManifest.xml:44:13-49
62            android:exported="false"
62-->src\main\AndroidManifest.xml:45:13-37
63            android:windowSoftInputMode="adjustResize" />
63-->src\main\AndroidManifest.xml:46:13-55
64        <activity
64-->src\main\AndroidManifest.xml:48:9-57:20
65            android:name="com.techcamino.mft_rider.activity.SplashActivity"
65-->src\main\AndroidManifest.xml:49:13-52
66            android:exported="true"
66-->src\main\AndroidManifest.xml:50:13-36
67            android:theme="@style/SplashTheme" >
67-->src\main\AndroidManifest.xml:51:13-47
68            <intent-filter>
68-->src\main\AndroidManifest.xml:52:13-56:29
69                <action android:name="android.intent.action.MAIN" />
69-->src\main\AndroidManifest.xml:53:17-69
69-->src\main\AndroidManifest.xml:53:25-66
70
71                <category android:name="android.intent.category.LAUNCHER" />
71-->src\main\AndroidManifest.xml:55:17-77
71-->src\main\AndroidManifest.xml:55:27-74
72            </intent-filter>
73        </activity>
74        <activity
74-->src\main\AndroidManifest.xml:59:9-62:58
75            android:name="com.techcamino.mft_rider.activity.LoginActivity"
75-->src\main\AndroidManifest.xml:60:13-51
76            android:exported="false"
76-->src\main\AndroidManifest.xml:61:13-37
77            android:windowSoftInputMode="adjustResize" />
77-->src\main\AndroidManifest.xml:62:13-55
78        <activity
78-->src\main\AndroidManifest.xml:63:9-65:40
79            android:name="com.techcamino.mft_rider.activity.MainActivity"
79-->src\main\AndroidManifest.xml:64:13-50
80            android:exported="false" />
80-->src\main\AndroidManifest.xml:65:13-37
81
82        <meta-data
82-->src\main\AndroidManifest.xml:67:9-69:47
83            android:name="com.google.android.geo.API_KEY"
83-->src\main\AndroidManifest.xml:68:13-58
84            android:value="@string/map_key" />
84-->src\main\AndroidManifest.xml:69:13-44
85
86        <provider
86-->src\main\AndroidManifest.xml:71:9-79:20
87            android:name="androidx.core.content.FileProvider"
87-->src\main\AndroidManifest.xml:72:13-62
88            android:authorities="techcamino.mft_rider.provider"
88-->src\main\AndroidManifest.xml:73:13-64
89            android:exported="false"
89-->src\main\AndroidManifest.xml:74:13-37
90            android:grantUriPermissions="true" >
90-->src\main\AndroidManifest.xml:75:13-47
91            <meta-data
91-->src\main\AndroidManifest.xml:76:13-78:53
92                android:name="android.support.FILE_PROVIDER_PATHS"
92-->src\main\AndroidManifest.xml:77:17-67
93                android:resource="@xml/file_path" />
93-->src\main\AndroidManifest.xml:78:17-50
94        </provider>
95
96        <!-- Location service -->
97        <service
97-->src\main\AndroidManifest.xml:82:9-85:39
98            android:name="com.techcamino.mft_rider.services.LocationUpdatesService"
98-->src\main\AndroidManifest.xml:83:13-60
99            android:enabled="true"
99-->src\main\AndroidManifest.xml:84:13-35
100            android:exported="true" />
100-->src\main\AndroidManifest.xml:85:13-36
101
102        <activity
102-->[com.karumi:dexter:6.2.2] AndroidManifest.xml:27:9-29:72
103            android:name="com.karumi.dexter.DexterActivity"
103-->[com.karumi:dexter:6.2.2] AndroidManifest.xml:28:13-60
104            android:theme="@style/Dexter.Internal.Theme.Transparent" /> <!-- Needs to be explicitly declared on P+ -->
104-->[com.karumi:dexter:6.2.2] AndroidManifest.xml:29:13-69
105        <uses-library
105-->[com.google.android.gms:play-services-maps:18.0.2] AndroidManifest.xml:39:9-41:40
106            android:name="org.apache.http.legacy"
106-->[com.google.android.gms:play-services-maps:18.0.2] AndroidManifest.xml:40:13-50
107            android:required="false" />
107-->[com.google.android.gms:play-services-maps:18.0.2] AndroidManifest.xml:41:13-37
108
109        <activity
109-->[com.google.android.gms:play-services-base:18.0.1] AndroidManifest.xml:20:9-22:45
110            android:name="com.google.android.gms.common.api.GoogleApiActivity"
110-->[com.google.android.gms:play-services-base:18.0.1] AndroidManifest.xml:20:19-85
111            android:exported="false"
111-->[com.google.android.gms:play-services-base:18.0.1] AndroidManifest.xml:22:19-43
112            android:theme="@android:style/Theme.Translucent.NoTitleBar" />
112-->[com.google.android.gms:play-services-base:18.0.1] AndroidManifest.xml:21:19-78
113
114        <meta-data
114-->[com.google.android.gms:play-services-basement:18.0.0] AndroidManifest.xml:21:9-23:69
115            android:name="com.google.android.gms.version"
115-->[com.google.android.gms:play-services-basement:18.0.0] AndroidManifest.xml:22:13-58
116            android:value="@integer/google_play_services_version" />
116-->[com.google.android.gms:play-services-basement:18.0.0] AndroidManifest.xml:23:13-66
117
118        <provider
118-->[androidx.emoji2:emoji2:1.0.0] AndroidManifest.xml:26:9-34:20
119            android:name="androidx.startup.InitializationProvider"
119-->[androidx.emoji2:emoji2:1.0.0] AndroidManifest.xml:27:13-67
120            android:authorities="com.techcamino.mft_rider.androidx-startup"
120-->[androidx.emoji2:emoji2:1.0.0] AndroidManifest.xml:28:13-68
121            android:exported="false" >
121-->[androidx.emoji2:emoji2:1.0.0] AndroidManifest.xml:29:13-37
122            <meta-data
122-->[androidx.emoji2:emoji2:1.0.0] AndroidManifest.xml:31:13-33:52
123                android:name="androidx.emoji2.text.EmojiCompatInitializer"
123-->[androidx.emoji2:emoji2:1.0.0] AndroidManifest.xml:32:17-75
124                android:value="androidx.startup" />
124-->[androidx.emoji2:emoji2:1.0.0] AndroidManifest.xml:33:17-49
125            <meta-data
125-->[androidx.lifecycle:lifecycle-process:2.4.0] AndroidManifest.xml:31:13-33:52
126                android:name="androidx.lifecycle.ProcessLifecycleInitializer"
126-->[androidx.lifecycle:lifecycle-process:2.4.0] AndroidManifest.xml:32:17-78
127                android:value="androidx.startup" />
127-->[androidx.lifecycle:lifecycle-process:2.4.0] AndroidManifest.xml:33:17-49
128        </provider>
129    </application>
130
131</manifest>